INFO - 2023-12-23 11:38:56 --> Session: Class initialized using 'CodeIgniter\Session\Handlers\FileHandler' driver.
INFO - 2023-12-23 11:39:00 --> Session: Class initialized using 'CodeIgniter\Session\Handlers\FileHandler' driver.
INFO - 2023-12-23 11:39:00 --> Session: Class initialized using 'CodeIgniter\Session\Handlers\FileHandler' driver.
INFO - 2023-12-23 11:39:06 --> Session: Class initialized using 'CodeIgniter\Session\Handlers\FileHandler' driver.
INFO - 2023-12-23 11:39:06 --> Session: Class initialized using 'CodeIgniter\Session\Handlers\FileHandler' driver.
INFO - 2023-12-23 11:55:53 --> Session: Class initialized using 'CodeIgniter\Session\Handlers\FileHandler' driver.
INFO - 2023-12-23 11:55:54 --> Session: Class initialized using 'CodeIgniter\Session\Handlers\FileHandler' driver.
INFO - 2023-12-23 11:55:54 --> Session: Class initialized using 'CodeIgniter\Session\Handlers\FileHandler' driver.
INFO - 2023-12-23 11:55:56 --> Session: Class initialized using 'CodeIgniter\Session\Handlers\FileHandler' driver.
INFO - 2023-12-23 11:55:56 --> Session: Class initialized using 'CodeIgniter\Session\Handlers\FileHandler' driver.
INFO - 2023-12-23 11:55:57 --> Session: Class initialized using 'CodeIgniter\Session\Handlers\FileHandler' driver.
INFO - 2023-12-23 11:55:57 --> Session: Class initialized using 'CodeIgniter\Session\Handlers\FileHandler' driver.
INFO - 2023-12-23 11:55:58 --> Session: Class initialized using 'CodeIgniter\Session\Handlers\FileHandler' driver.
INFO - 2023-12-23 11:55:59 --> Session: Class initialized using 'CodeIgniter\Session\Handlers\FileHandler' driver.
INFO - 2023-12-23 11:56:02 --> Session: Class initialized using 'CodeIgniter\Session\Handlers\FileHandler' driver.
INFO - 2023-12-23 11:56:40 --> Session: Class initialized using 'CodeIgniter\Session\Handlers\FileHandler' driver.
INFO - 2023-12-23 11:56:46 --> Session: Class initialized using 'CodeIgniter\Session\Handlers\FileHandler' driver.
INFO - 2023-12-23 11:56:46 --> Session: Class initialized using 'CodeIgniter\Session\Handlers\FileHandler' driver.
INFO - 2023-12-23 11:56:46 --> Session: Class initialized using 'CodeIgniter\Session\Handlers\FileHandler' driver.
INFO - 2023-12-23 11:56:48 --> Session: Class initialized using 'CodeIgniter\Session\Handlers\FileHandler' driver.
INFO - 2023-12-23 11:56:53 --> Session: Class initialized using 'CodeIgniter\Session\Handlers\FileHandler' driver.
INFO - 2023-12-23 11:57:04 --> Session: Class initialized using 'CodeIgniter\Session\Handlers\FileHandler' driver.
INFO - 2023-12-23 11:57:04 --> Session: Class initialized using 'CodeIgniter\Session\Handlers\FileHandler' driver.
INFO - 2023-12-23 11:57:04 --> Session: Class initialized using 'CodeIgniter\Session\Handlers\FileHandler' driver.
INFO - 2023-12-23 11:57:06 --> Session: Class initialized using 'CodeIgniter\Session\Handlers\FileHandler' driver.
INFO - 2023-12-23 11:59:14 --> Session: Class initialized using 'CodeIgniter\Session\Handlers\FileHandler' driver.
INFO - 2023-12-23 11:59:17 --> Session: Class initialized using 'CodeIgniter\Session\Handlers\FileHandler' driver.
INFO - 2023-12-23 11:59:17 --> Session: Class initialized using 'CodeIgniter\Session\Handlers\FileHandler' driver.
INFO - 2023-12-23 11:59:20 --> Session: Class initialized using 'CodeIgniter\Session\Handlers\FileHandler' driver.
INFO - 2023-12-23 11:59:24 --> Session: Class initialized using 'CodeIgniter\Session\Handlers\FileHandler' driver.
INFO - 2023-12-23 11:59:26 --> Session: Class initialized using 'CodeIgniter\Session\Handlers\FileHandler' driver.
INFO - 2023-12-23 11:59:26 --> Session: Class initialized using 'CodeIgniter\Session\Handlers\FileHandler' driver.
CRITICAL - 2023-12-23 11:59:26 --> sizeof(): Parameter must be an array or an object that implements Countable
in APPPATH\Views\keuangan\view_pengeluaran.php on line 81.
 1 APPPATH\Views\keuangan\view_pengeluaran.php(81): CodeIgniter\Debug\Exceptions->errorHandler(2, 'sizeof(): Parameter must be an array or an object that implements Countable', 'C:\\laragon\\www\\weldan-panti\\app\\Views\\keuangan\\view_pengeluaran.php', 81, [...])
 2 SYSTEMPATH\View\View.php(213): include('C:\\laragon\\www\\weldan-panti\\app\\Views\\keuangan\\view_pengeluaran.php')
 3 SYSTEMPATH\View\View.php(216): CodeIgniter\View\View->CodeIgniter\View\{closure}()
 4 SYSTEMPATH\Common.php(1184): CodeIgniter\View\View->render('keuangan/view_pengeluaran', [], true)
 5 APPPATH\Controllers\Keuangan.php(66): view('keuangan/view_pengeluaran', [...])
 6 SYSTEMPATH\CodeIgniter.php(934): App\Controllers\Keuangan->view()
 7 SYSTEMPATH\CodeIgniter.php(499): CodeIgniter\CodeIgniter->runController(Object(App\Controllers\Keuangan))
 8 SYSTEMPATH\CodeIgniter.php(368): CodeIgniter\CodeIgniter->handleRequest(null, Object(Config\Cache), false)
 9 FCPATH\index.php(67): CodeIgniter\CodeIgniter->run()
INFO - 2023-12-23 12:00:20 --> Session: Class initialized using 'CodeIgniter\Session\Handlers\FileHandler' driver.
INFO - 2023-12-23 12:00:48 --> Session: Class initialized using 'CodeIgniter\Session\Handlers\FileHandler' driver.
CRITICAL - 2023-12-23 12:00:48 --> sizeof(): Parameter must be an array or an object that implements Countable
in APPPATH\Views\keuangan\view_pengeluaran.php on line 81.
 1 APPPATH\Views\keuangan\view_pengeluaran.php(81): CodeIgniter\Debug\Exceptions->errorHandler(2, 'sizeof(): Parameter must be an array or an object that implements Countable', 'C:\\laragon\\www\\weldan-panti\\app\\Views\\keuangan\\view_pengeluaran.php', 81, [...])
 2 SYSTEMPATH\View\View.php(213): include('C:\\laragon\\www\\weldan-panti\\app\\Views\\keuangan\\view_pengeluaran.php')
 3 SYSTEMPATH\View\View.php(216): CodeIgniter\View\View->CodeIgniter\View\{closure}()
 4 SYSTEMPATH\Common.php(1184): CodeIgniter\View\View->render('keuangan/view_pengeluaran', [], true)
 5 APPPATH\Controllers\Keuangan.php(66): view('keuangan/view_pengeluaran', [...])
 6 SYSTEMPATH\CodeIgniter.php(934): App\Controllers\Keuangan->view()
 7 SYSTEMPATH\CodeIgniter.php(499): CodeIgniter\CodeIgniter->runController(Object(App\Controllers\Keuangan))
 8 SYSTEMPATH\CodeIgniter.php(368): CodeIgniter\CodeIgniter->handleRequest(null, Object(Config\Cache), false)
 9 FCPATH\index.php(67): CodeIgniter\CodeIgniter->run()
INFO - 2023-12-23 12:01:00 --> Session: Class initialized using 'CodeIgniter\Session\Handlers\FileHandler' driver.
CRITICAL - 2023-12-23 12:01:00 --> count(): Parameter must be an array or an object that implements Countable
in APPPATH\Views\keuangan\view_pengeluaran.php on line 81.
 1 APPPATH\Views\keuangan\view_pengeluaran.php(81): CodeIgniter\Debug\Exceptions->errorHandler(2, 'count(): Parameter must be an array or an object that implements Countable', 'C:\\laragon\\www\\weldan-panti\\app\\Views\\keuangan\\view_pengeluaran.php', 81, [...])
 2 SYSTEMPATH\View\View.php(213): include('C:\\laragon\\www\\weldan-panti\\app\\Views\\keuangan\\view_pengeluaran.php')
 3 SYSTEMPATH\View\View.php(216): CodeIgniter\View\View->CodeIgniter\View\{closure}()
 4 SYSTEMPATH\Common.php(1184): CodeIgniter\View\View->render('keuangan/view_pengeluaran', [], true)
 5 APPPATH\Controllers\Keuangan.php(66): view('keuangan/view_pengeluaran', [...])
 6 SYSTEMPATH\CodeIgniter.php(934): App\Controllers\Keuangan->view()
 7 SYSTEMPATH\CodeIgniter.php(499): CodeIgniter\CodeIgniter->runController(Object(App\Controllers\Keuangan))
 8 SYSTEMPATH\CodeIgniter.php(368): CodeIgniter\CodeIgniter->handleRequest(null, Object(Config\Cache), false)
 9 FCPATH\index.php(67): CodeIgniter\CodeIgniter->run()
INFO - 2023-12-23 12:01:14 --> Session: Class initialized using 'CodeIgniter\Session\Handlers\FileHandler' driver.
INFO - 2023-12-23 12:01:42 --> Session: Class initialized using 'CodeIgniter\Session\Handlers\FileHandler' driver.
INFO - 2023-12-23 12:02:04 --> Session: Class initialized using 'CodeIgniter\Session\Handlers\FileHandler' driver.
INFO - 2023-12-23 12:02:12 --> Session: Class initialized using 'CodeIgniter\Session\Handlers\FileHandler' driver.
INFO - 2023-12-23 12:02:12 --> Session: Class initialized using 'CodeIgniter\Session\Handlers\FileHandler' driver.
INFO - 2023-12-23 12:02:13 --> Session: Class initialized using 'CodeIgniter\Session\Handlers\FileHandler' driver.
CRITICAL - 2023-12-23 12:02:13 --> get_object_vars() expects parameter 1 to be object, null given
in APPPATH\Views\keuangan\view_pengeluaran.php on line 79.
 1 [internal function]: CodeIgniter\Debug\Exceptions->errorHandler(2, 'get_object_vars() expects parameter 1 to be object, null given', 'C:\\laragon\\www\\weldan-panti\\app\\Views\\keuangan\\view_pengeluaran.php', 79, [...])
 2 APPPATH\Views\keuangan\view_pengeluaran.php(79): get_object_vars(null)
 3 SYSTEMPATH\View\View.php(213): include('C:\\laragon\\www\\weldan-panti\\app\\Views\\keuangan\\view_pengeluaran.php')
 4 SYSTEMPATH\View\View.php(216): CodeIgniter\View\View->CodeIgniter\View\{closure}()
 5 SYSTEMPATH\Common.php(1184): CodeIgniter\View\View->render('keuangan/view_pengeluaran', [], true)
 6 APPPATH\Controllers\Keuangan.php(66): view('keuangan/view_pengeluaran', [...])
 7 SYSTEMPATH\CodeIgniter.php(934): App\Controllers\Keuangan->view()
 8 SYSTEMPATH\CodeIgniter.php(499): CodeIgniter\CodeIgniter->runController(Object(App\Controllers\Keuangan))
 9 SYSTEMPATH\CodeIgniter.php(368): CodeIgniter\CodeIgniter->handleRequest(null, Object(Config\Cache), false)
10 FCPATH\index.php(67): CodeIgniter\CodeIgniter->run()
INFO - 2023-12-23 12:02:51 --> Session: Class initialized using 'CodeIgniter\Session\Handlers\FileHandler' driver.
INFO - 2023-12-23 12:03:17 --> Session: Class initialized using 'CodeIgniter\Session\Handlers\FileHandler' driver.
INFO - 2023-12-23 12:03:20 --> Session: Class initialized using 'CodeIgniter\Session\Handlers\FileHandler' driver.
INFO - 2023-12-23 12:03:21 --> Session: Class initialized using 'CodeIgniter\Session\Handlers\FileHandler' driver.
INFO - 2023-12-23 12:03:22 --> Session: Class initialized using 'CodeIgniter\Session\Handlers\FileHandler' driver.
INFO - 2023-12-23 12:03:26 --> Session: Class initialized using 'CodeIgniter\Session\Handlers\FileHandler' driver.
CRITICAL - 2023-12-23 12:03:26 --> sizeof(): Parameter must be an array or an object that implements Countable
in APPPATH\Views\keuangan\edit_pengeluaran.php on line 128.
 1 APPPATH\Views\keuangan\edit_pengeluaran.php(128): CodeIgniter\Debug\Exceptions->errorHandler(2, 'sizeof(): Parameter must be an array or an object that implements Countable', 'C:\\laragon\\www\\weldan-panti\\app\\Views\\keuangan\\edit_pengeluaran.php', 128, [...])
 2 SYSTEMPATH\View\View.php(213): include('C:\\laragon\\www\\weldan-panti\\app\\Views\\keuangan\\edit_pengeluaran.php')
 3 SYSTEMPATH\View\View.php(216): CodeIgniter\View\View->CodeIgniter\View\{closure}()
 4 SYSTEMPATH\Common.php(1184): CodeIgniter\View\View->render('keuangan/edit_pengeluaran', [], true)
 5 APPPATH\Controllers\Keuangan.php(83): view('keuangan/edit_pengeluaran', [...])
 6 SYSTEMPATH\CodeIgniter.php(934): App\Controllers\Keuangan->edit()
 7 SYSTEMPATH\CodeIgniter.php(499): CodeIgniter\CodeIgniter->runController(Object(App\Controllers\Keuangan))
 8 SYSTEMPATH\CodeIgniter.php(368): CodeIgniter\CodeIgniter->handleRequest(null, Object(Config\Cache), false)
 9 FCPATH\index.php(67): CodeIgniter\CodeIgniter->run()
INFO - 2023-12-23 12:03:47 --> Session: Class initialized using 'CodeIgniter\Session\Handlers\FileHandler' driver.
INFO - 2023-12-23 12:03:56 --> Session: Class initialized using 'CodeIgniter\Session\Handlers\FileHandler' driver.
INFO - 2023-12-23 12:03:56 --> Session: Class initialized using 'CodeIgniter\Session\Handlers\FileHandler' driver.
CRITICAL - 2023-12-23 12:03:56 --> get_object_vars() expects parameter 1 to be object, array given
in APPPATH\Views\keuangan\view_pengeluaran.php on line 82.
 1 [internal function]: CodeIgniter\Debug\Exceptions->errorHandler(2, 'get_object_vars() expects parameter 1 to be object, array given', 'C:\\laragon\\www\\weldan-panti\\app\\Views\\keuangan\\view_pengeluaran.php', 82, [...])
 2 APPPATH\Views\keuangan\view_pengeluaran.php(82): get_object_vars([...])
 3 SYSTEMPATH\View\View.php(213): include('C:\\laragon\\www\\weldan-panti\\app\\Views\\keuangan\\view_pengeluaran.php')
 4 SYSTEMPATH\View\View.php(216): CodeIgniter\View\View->CodeIgniter\View\{closure}()
 5 SYSTEMPATH\Common.php(1184): CodeIgniter\View\View->render('keuangan/view_pengeluaran', [], true)
 6 APPPATH\Controllers\Keuangan.php(66): view('keuangan/view_pengeluaran', [...])
 7 SYSTEMPATH\CodeIgniter.php(934): App\Controllers\Keuangan->view()
 8 SYSTEMPATH\CodeIgniter.php(499): CodeIgniter\CodeIgniter->runController(Object(App\Controllers\Keuangan))
 9 SYSTEMPATH\CodeIgniter.php(368): CodeIgniter\CodeIgniter->handleRequest(null, Object(Config\Cache), false)
10 FCPATH\index.php(67): CodeIgniter\CodeIgniter->run()
INFO - 2023-12-23 12:04:18 --> Session: Class initialized using 'CodeIgniter\Session\Handlers\FileHandler' driver.
CRITICAL - 2023-12-23 12:04:18 --> get_object_vars() expects parameter 1 to be object, array given
in APPPATH\Views\keuangan\view_pengeluaran.php on line 82.
 1 [internal function]: CodeIgniter\Debug\Exceptions->errorHandler(2, 'get_object_vars() expects parameter 1 to be object, array given', 'C:\\laragon\\www\\weldan-panti\\app\\Views\\keuangan\\view_pengeluaran.php', 82, [...])
 2 APPPATH\Views\keuangan\view_pengeluaran.php(82): get_object_vars([...])
 3 SYSTEMPATH\View\View.php(213): include('C:\\laragon\\www\\weldan-panti\\app\\Views\\keuangan\\view_pengeluaran.php')
 4 SYSTEMPATH\View\View.php(216): CodeIgniter\View\View->CodeIgniter\View\{closure}()
 5 SYSTEMPATH\Common.php(1184): CodeIgniter\View\View->render('keuangan/view_pengeluaran', [], true)
 6 APPPATH\Controllers\Keuangan.php(66): view('keuangan/view_pengeluaran', [...])
 7 SYSTEMPATH\CodeIgniter.php(934): App\Controllers\Keuangan->view()
 8 SYSTEMPATH\CodeIgniter.php(499): CodeIgniter\CodeIgniter->runController(Object(App\Controllers\Keuangan))
 9 SYSTEMPATH\CodeIgniter.php(368): CodeIgniter\CodeIgniter->handleRequest(null, Object(Config\Cache), false)
10 FCPATH\index.php(67): CodeIgniter\CodeIgniter->run()
INFO - 2023-12-23 12:04:20 --> Session: Class initialized using 'CodeIgniter\Session\Handlers\FileHandler' driver.
CRITICAL - 2023-12-23 12:04:20 --> get_object_vars() expects parameter 1 to be object, array given
in APPPATH\Views\keuangan\view_pengeluaran.php on line 82.
 1 [internal function]: CodeIgniter\Debug\Exceptions->errorHandler(2, 'get_object_vars() expects parameter 1 to be object, array given', 'C:\\laragon\\www\\weldan-panti\\app\\Views\\keuangan\\view_pengeluaran.php', 82, [...])
 2 APPPATH\Views\keuangan\view_pengeluaran.php(82): get_object_vars([...])
 3 SYSTEMPATH\View\View.php(213): include('C:\\laragon\\www\\weldan-panti\\app\\Views\\keuangan\\view_pengeluaran.php')
 4 SYSTEMPATH\View\View.php(216): CodeIgniter\View\View->CodeIgniter\View\{closure}()
 5 SYSTEMPATH\Common.php(1184): CodeIgniter\View\View->render('keuangan/view_pengeluaran', [], true)
 6 APPPATH\Controllers\Keuangan.php(66): view('keuangan/view_pengeluaran', [...])
 7 SYSTEMPATH\CodeIgniter.php(934): App\Controllers\Keuangan->view()
 8 SYSTEMPATH\CodeIgniter.php(499): CodeIgniter\CodeIgniter->runController(Object(App\Controllers\Keuangan))
 9 SYSTEMPATH\CodeIgniter.php(368): CodeIgniter\CodeIgniter->handleRequest(null, Object(Config\Cache), false)
10 FCPATH\index.php(67): CodeIgniter\CodeIgniter->run()
INFO - 2023-12-23 12:04:29 --> Session: Class initialized using 'CodeIgniter\Session\Handlers\FileHandler' driver.
CRITICAL - 2023-12-23 12:04:29 --> get_object_vars() expects parameter 1 to be object, array given
in APPPATH\Views\keuangan\view_pengeluaran.php on line 82.
 1 [internal function]: CodeIgniter\Debug\Exceptions->errorHandler(2, 'get_object_vars() expects parameter 1 to be object, array given', 'C:\\laragon\\www\\weldan-panti\\app\\Views\\keuangan\\view_pengeluaran.php', 82, [...])
 2 APPPATH\Views\keuangan\view_pengeluaran.php(82): get_object_vars([...])
 3 SYSTEMPATH\View\View.php(213): include('C:\\laragon\\www\\weldan-panti\\app\\Views\\keuangan\\view_pengeluaran.php')
 4 SYSTEMPATH\View\View.php(216): CodeIgniter\View\View->CodeIgniter\View\{closure}()
 5 SYSTEMPATH\Common.php(1184): CodeIgniter\View\View->render('keuangan/view_pengeluaran', [], true)
 6 APPPATH\Controllers\Keuangan.php(66): view('keuangan/view_pengeluaran', [...])
 7 SYSTEMPATH\CodeIgniter.php(934): App\Controllers\Keuangan->view()
 8 SYSTEMPATH\CodeIgniter.php(499): CodeIgniter\CodeIgniter->runController(Object(App\Controllers\Keuangan))
 9 SYSTEMPATH\CodeIgniter.php(368): CodeIgniter\CodeIgniter->handleRequest(null, Object(Config\Cache), false)
10 FCPATH\index.php(67): CodeIgniter\CodeIgniter->run()
INFO - 2023-12-23 12:04:30 --> Session: Class initialized using 'CodeIgniter\Session\Handlers\FileHandler' driver.
CRITICAL - 2023-12-23 12:04:30 --> get_object_vars() expects parameter 1 to be object, array given
in APPPATH\Views\keuangan\view_pengeluaran.php on line 82.
 1 [internal function]: CodeIgniter\Debug\Exceptions->errorHandler(2, 'get_object_vars() expects parameter 1 to be object, array given', 'C:\\laragon\\www\\weldan-panti\\app\\Views\\keuangan\\view_pengeluaran.php', 82, [...])
 2 APPPATH\Views\keuangan\view_pengeluaran.php(82): get_object_vars([...])
 3 SYSTEMPATH\View\View.php(213): include('C:\\laragon\\www\\weldan-panti\\app\\Views\\keuangan\\view_pengeluaran.php')
 4 SYSTEMPATH\View\View.php(216): CodeIgniter\View\View->CodeIgniter\View\{closure}()
 5 SYSTEMPATH\Common.php(1184): CodeIgniter\View\View->render('keuangan/view_pengeluaran', [], true)
 6 APPPATH\Controllers\Keuangan.php(66): view('keuangan/view_pengeluaran', [...])
 7 SYSTEMPATH\CodeIgniter.php(934): App\Controllers\Keuangan->view()
 8 SYSTEMPATH\CodeIgniter.php(499): CodeIgniter\CodeIgniter->runController(Object(App\Controllers\Keuangan))
 9 SYSTEMPATH\CodeIgniter.php(368): CodeIgniter\CodeIgniter->handleRequest(null, Object(Config\Cache), false)
10 FCPATH\index.php(67): CodeIgniter\CodeIgniter->run()
INFO - 2023-12-23 12:04:30 --> Session: Class initialized using 'CodeIgniter\Session\Handlers\FileHandler' driver.
CRITICAL - 2023-12-23 12:04:30 --> get_object_vars() expects parameter 1 to be object, array given
in APPPATH\Views\keuangan\view_pengeluaran.php on line 82.
 1 [internal function]: CodeIgniter\Debug\Exceptions->errorHandler(2, 'get_object_vars() expects parameter 1 to be object, array given', 'C:\\laragon\\www\\weldan-panti\\app\\Views\\keuangan\\view_pengeluaran.php', 82, [...])
 2 APPPATH\Views\keuangan\view_pengeluaran.php(82): get_object_vars([...])
 3 SYSTEMPATH\View\View.php(213): include('C:\\laragon\\www\\weldan-panti\\app\\Views\\keuangan\\view_pengeluaran.php')
 4 SYSTEMPATH\View\View.php(216): CodeIgniter\View\View->CodeIgniter\View\{closure}()
 5 SYSTEMPATH\Common.php(1184): CodeIgniter\View\View->render('keuangan/view_pengeluaran', [], true)
 6 APPPATH\Controllers\Keuangan.php(66): view('keuangan/view_pengeluaran', [...])
 7 SYSTEMPATH\CodeIgniter.php(934): App\Controllers\Keuangan->view()
 8 SYSTEMPATH\CodeIgniter.php(499): CodeIgniter\CodeIgniter->runController(Object(App\Controllers\Keuangan))
 9 SYSTEMPATH\CodeIgniter.php(368): CodeIgniter\CodeIgniter->handleRequest(null, Object(Config\Cache), false)
10 FCPATH\index.php(67): CodeIgniter\CodeIgniter->run()
INFO - 2023-12-23 12:04:40 --> Session: Class initialized using 'CodeIgniter\Session\Handlers\FileHandler' driver.
INFO - 2023-12-23 12:46:46 --> Session: Class initialized using 'CodeIgniter\Session\Handlers\FileHandler' driver.
INFO - 2023-12-23 12:46:50 --> Session: Class initialized using 'CodeIgniter\Session\Handlers\FileHandler' driver.
INFO - 2023-12-23 12:47:01 --> Session: Class initialized using 'CodeIgniter\Session\Handlers\FileHandler' driver.
CRITICAL - 2023-12-23 12:47:01 --> get_object_vars() expects parameter 1 to be object, array given
in APPPATH\Views\keuangan\edit_pengeluaran.php on line 128.
 1 [internal function]: CodeIgniter\Debug\Exceptions->errorHandler(2, 'get_object_vars() expects parameter 1 to be object, array given', 'C:\\laragon\\www\\weldan-panti\\app\\Views\\keuangan\\edit_pengeluaran.php', 128, [...])
 2 APPPATH\Views\keuangan\edit_pengeluaran.php(128): get_object_vars([...])
 3 SYSTEMPATH\View\View.php(213): include('C:\\laragon\\www\\weldan-panti\\app\\Views\\keuangan\\edit_pengeluaran.php')
 4 SYSTEMPATH\View\View.php(216): CodeIgniter\View\View->CodeIgniter\View\{closure}()
 5 SYSTEMPATH\Common.php(1184): CodeIgniter\View\View->render('keuangan/edit_pengeluaran', [], true)
 6 APPPATH\Controllers\Keuangan.php(83): view('keuangan/edit_pengeluaran', [...])
 7 SYSTEMPATH\CodeIgniter.php(934): App\Controllers\Keuangan->edit()
 8 SYSTEMPATH\CodeIgniter.php(499): CodeIgniter\CodeIgniter->runController(Object(App\Controllers\Keuangan))
 9 SYSTEMPATH\CodeIgniter.php(368): CodeIgniter\CodeIgniter->handleRequest(null, Object(Config\Cache), false)
10 FCPATH\index.php(67): CodeIgniter\CodeIgniter->run()
INFO - 2023-12-23 12:47:18 --> Session: Class initialized using 'CodeIgniter\Session\Handlers\FileHandler' driver.
CRITICAL - 2023-12-23 12:47:18 --> get_object_vars() expects parameter 1 to be object, array given
in APPPATH\Views\keuangan\edit_pengeluaran.php on line 128.
 1 [internal function]: CodeIgniter\Debug\Exceptions->errorHandler(2, 'get_object_vars() expects parameter 1 to be object, array given', 'C:\\laragon\\www\\weldan-panti\\app\\Views\\keuangan\\edit_pengeluaran.php', 128, [...])
 2 APPPATH\Views\keuangan\edit_pengeluaran.php(128): get_object_vars([...])
 3 SYSTEMPATH\View\View.php(213): include('C:\\laragon\\www\\weldan-panti\\app\\Views\\keuangan\\edit_pengeluaran.php')
 4 SYSTEMPATH\View\View.php(216): CodeIgniter\View\View->CodeIgniter\View\{closure}()
 5 SYSTEMPATH\Common.php(1184): CodeIgniter\View\View->render('keuangan/edit_pengeluaran', [], true)
 6 APPPATH\Controllers\Keuangan.php(83): view('keuangan/edit_pengeluaran', [...])
 7 SYSTEMPATH\CodeIgniter.php(934): App\Controllers\Keuangan->edit()
 8 SYSTEMPATH\CodeIgniter.php(499): CodeIgniter\CodeIgniter->runController(Object(App\Controllers\Keuangan))
 9 SYSTEMPATH\CodeIgniter.php(368): CodeIgniter\CodeIgniter->handleRequest(null, Object(Config\Cache), false)
10 FCPATH\index.php(67): CodeIgniter\CodeIgniter->run()
INFO - 2023-12-23 12:47:22 --> Session: Class initialized using 'CodeIgniter\Session\Handlers\FileHandler' driver.
INFO - 2023-12-23 12:47:40 --> Session: Class initialized using 'CodeIgniter\Session\Handlers\FileHandler' driver.
CRITICAL - 2023-12-23 12:47:40 --> get_object_vars() expects parameter 1 to be object, array given
in APPPATH\Views\keuangan\edit_pengeluaran.php on line 128.
 1 [internal function]: CodeIgniter\Debug\Exceptions->errorHandler(2, 'get_object_vars() expects parameter 1 to be object, array given', 'C:\\laragon\\www\\weldan-panti\\app\\Views\\keuangan\\edit_pengeluaran.php', 128, [...])
 2 APPPATH\Views\keuangan\edit_pengeluaran.php(128): get_object_vars([...])
 3 SYSTEMPATH\View\View.php(213): include('C:\\laragon\\www\\weldan-panti\\app\\Views\\keuangan\\edit_pengeluaran.php')
 4 SYSTEMPATH\View\View.php(216): CodeIgniter\View\View->CodeIgniter\View\{closure}()
 5 SYSTEMPATH\Common.php(1184): CodeIgniter\View\View->render('keuangan/edit_pengeluaran', [], true)
 6 APPPATH\Controllers\Keuangan.php(83): view('keuangan/edit_pengeluaran', [...])
 7 SYSTEMPATH\CodeIgniter.php(934): App\Controllers\Keuangan->edit()
 8 SYSTEMPATH\CodeIgniter.php(499): CodeIgniter\CodeIgniter->runController(Object(App\Controllers\Keuangan))
 9 SYSTEMPATH\CodeIgniter.php(368): CodeIgniter\CodeIgniter->handleRequest(null, Object(Config\Cache), false)
10 FCPATH\index.php(67): CodeIgniter\CodeIgniter->run()
INFO - 2023-12-23 12:47:53 --> Session: Class initialized using 'CodeIgniter\Session\Handlers\FileHandler' driver.
INFO - 2023-12-23 12:47:58 --> Session: Class initialized using 'CodeIgniter\Session\Handlers\FileHandler' driver.
INFO - 2023-12-23 12:48:00 --> Session: Class initialized using 'CodeIgniter\Session\Handlers\FileHandler' driver.
INFO - 2023-12-23 12:48:00 --> Session: Class initialized using 'CodeIgniter\Session\Handlers\FileHandler' driver.
INFO - 2023-12-23 12:48:22 --> Session: Class initialized using 'CodeIgniter\Session\Handlers\FileHandler' driver.
INFO - 2023-12-23 12:48:32 --> Session: Class initialized using 'CodeIgniter\Session\Handlers\FileHandler' driver.
INFO - 2023-12-23 12:48:32 --> Session: Class initialized using 'CodeIgniter\Session\Handlers\FileHandler' driver.
INFO - 2023-12-23 12:48:36 --> Session: Class initialized using 'CodeIgniter\Session\Handlers\FileHandler' driver.
INFO - 2023-12-23 12:48:39 --> Session: Class initialized using 'CodeIgniter\Session\Handlers\FileHandler' driver.
INFO - 2023-12-23 12:48:47 --> Session: Class initialized using 'CodeIgniter\Session\Handlers\FileHandler' driver.
INFO - 2023-12-23 12:48:58 --> Session: Class initialized using 'CodeIgniter\Session\Handlers\FileHandler' driver.
INFO - 2023-12-23 12:48:58 --> Session: Class initialized using 'CodeIgniter\Session\Handlers\FileHandler' driver.
INFO - 2023-12-23 12:49:02 --> Session: Class initialized using 'CodeIgniter\Session\Handlers\FileHandler' driver.
INFO - 2023-12-23 12:49:21 --> Session: Class initialized using 'CodeIgniter\Session\Handlers\FileHandler' driver.
INFO - 2023-12-23 12:49:22 --> Session: Class initialized using 'CodeIgniter\Session\Handlers\FileHandler' driver.
INFO - 2023-12-23 12:49:22 --> Session: Class initialized using 'CodeIgniter\Session\Handlers\FileHandler' driver.
INFO - 2023-12-23 12:49:36 --> Session: Class initialized using 'CodeIgniter\Session\Handlers\FileHandler' driver.
INFO - 2023-12-23 12:49:42 --> Session: Class initialized using 'CodeIgniter\Session\Handlers\FileHandler' driver.
INFO - 2023-12-23 12:49:43 --> Session: Class initialized using 'CodeIgniter\Session\Handlers\FileHandler' driver.
INFO - 2023-12-23 12:49:45 --> Session: Class initialized using 'CodeIgniter\Session\Handlers\FileHandler' driver.
INFO - 2023-12-23 12:49:52 --> Session: Class initialized using 'CodeIgniter\Session\Handlers\FileHandler' driver.
INFO - 2023-12-23 12:49:52 --> Session: Class initialized using 'CodeIgniter\Session\Handlers\FileHandler' driver.
INFO - 2023-12-23 12:50:24 --> Session: Class initialized using 'CodeIgniter\Session\Handlers\FileHandler' driver.
INFO - 2023-12-23 12:50:28 --> Session: Class initialized using 'CodeIgniter\Session\Handlers\FileHandler' driver.
INFO - 2023-12-23 12:50:29 --> Session: Class initialized using 'CodeIgniter\Session\Handlers\FileHandler' driver.
INFO - 2023-12-23 12:50:29 --> Session: Class initialized using 'CodeIgniter\Session\Handlers\FileHandler' driver.
INFO - 2023-12-23 12:50:40 --> Session: Class initialized using 'CodeIgniter\Session\Handlers\FileHandler' driver.
INFO - 2023-12-23 12:50:43 --> Session: Class initialized using 'CodeIgniter\Session\Handlers\FileHandler' driver.
INFO - 2023-12-23 12:50:55 --> Session: Class initialized using 'CodeIgniter\Session\Handlers\FileHandler' driver.
INFO - 2023-12-23 12:50:55 --> Session: Class initialized using 'CodeIgniter\Session\Handlers\FileHandler' driver.
INFO - 2023-12-23 12:51:03 --> Session: Class initialized using 'CodeIgniter\Session\Handlers\FileHandler' driver.
